/scratch/gilbreth/li3120/RDB/Test_Result/Manga109_16.h5
average ssim:0.957323
average psnr:32.212730
/scratch/gilbreth/li3120/RDB/Test_Result/Set14_19.h5
average ssim:0.865827
average psnr:28.640444
/scratch/gilbreth/li3120/RDB/Test_Result/Set14_17.h5
average ssim:0.945727
average psnr:34.091388
/scratch/gilbreth/li3120/RDB/Test_Result/Manga109_17.h5
average ssim:0.983521
average psnr:36.844997
/scratch/gilbreth/li3120/RDB/Test_Result/Set14_18.h5
average ssim:0.867282
average psnr:28.860134
/scratch/gilbreth/li3120/RDB/Test_Result/B100_18.h5
average ssim:0.815428
average psnr:26.904180
/scratch/gilbreth/li3120/RDB/Test_Result/Urban100_19.h5
average ssim:0.820174
average psnr:25.668797
/scratch/gilbreth/li3120/RDB/Test_Result/Urban100_20.h5
average ssim:0.785363
average psnr:24.468557
/scratch/gilbreth/li3120/RDB/Test_Result/Urban100_18.h5
average ssim:0.828697
average psnr:25.981574
/scratch/gilbreth/li3120/RDB/Test_Result/Set5_16.h5
average ssim:0.961617
average psnr:34.722022
/scratch/gilbreth/li3120/RDB/Test_Result/Set5_18.h5
average ssim:0.940866
average psnr:32.595460
/scratch/gilbreth/li3120/RDB/Test_Result/B100_20.h5
average ssim:0.757086
average psnr:25.223548
/scratch/gilbreth/li3120/RDB/Test_Result/Manga109_19.h5
average ssim:0.921437
average psnr:29.053814
/scratch/gilbreth/li3120/RDB/Test_Result/Manga109_20.h5
average ssim:0.880391
average psnr:26.505380
/scratch/gilbreth/li3120/RDB/Test_Result/B100_16.h5
average ssim:0.866474
average psnr:28.625940
/scratch/gilbreth/li3120/RDB/Test_Result/B100_19.h5
average ssim:0.826464
average psnr:27.226383
/scratch/gilbreth/li3120/RDB/Test_Result/Set5_17.h5
average ssim:0.980510
average psnr:38.318403
/scratch/gilbreth/li3120/RDB/Test_Result/Manga109_18.h5
average ssim:0.925166
average psnr:29.275654
/scratch/gilbreth/li3120/RDB/Test_Result/Urban100_16.h5
average ssim:0.884011
average psnr:28.174515
/scratch/gilbreth/li3120/RDB/Test_Result/Set5_19.h5
average ssim:0.938823
average psnr:32.228928
/scratch/gilbreth/li3120/RDB/Test_Result/Urban100_17.h5
average ssim:0.942854
average psnr:32.116574
/scratch/gilbreth/li3120/RDB/Test_Result/Set14_16.h5
average ssim:0.901079
average psnr:30.622271
/scratch/gilbreth/li3120/RDB/Test_Result/Set14_20.h5
average ssim:0.811752
average psnr:26.307208
/scratch/gilbreth/li3120/RDB/Test_Result/Set5_20.h5
average ssim:0.885235
average psnr:28.487348
/scratch/gilbreth/li3120/RDB/Test_Result/B100_17.h5
average ssim:0.927497
average psnr:31.904156
